[0m[[0mdebug[0m] [0mjavaOptions: List()[0m
[0m[[0mdebug[0m] [0mForking tests - parallelism = false[0m
[0m[[0mdebug[0m] [0mCreate a single-thread test executor[0m
[0m[[0mdebug[0m] [0mRunner for com.novocode.junit.JUnitFramework produced 1 initial tasks for 1 tests.[0m
[0m[[0mdebug[0m] [0m  Running TaskDef(controllers.HomeControllerTest, sbt.ForkMain$AnnotatedFingerscan@1ee169, false, [SuiteSelector])[0m
[0m[[0mdebug[0m] [0m[34mTest run started[0m[0m
[0m[[0mdebug[0m] [0mTest controllers.[33mHomeControllerTest[0m.[36msimpleCheck[0m started[0m
[0m[[31merror[0m] [0mTest controllers.[33mHomeControllerTest[0m.[31msimpleCheck[0m failed: java.lang.[31mNullPointerException[0m: null, took 2.407 sec[0m
[0m[[31merror[0m] [0m    at controllers.HomeControllerTest.simpleCheck([35mHomeControllerTest.java[0m:[33m37[0m)[0m
[0m[[31merror[0m] [0m    ...[0m
[0m[[0mdebug[0m] [0mTest controllers.[33mHomeControllerTest[0m.[36msimpleCheck[0m finished, took 2.409 sec[0m
[0m[[0mdebug[0m] [0mTest controllers.[33mHomeControllerTest[0m.[36mtestTest[0m started[0m
[0m[[0mdebug[0m] [0mTest controllers.[33mHomeControllerTest[0m.[36mtestTest[0m finished, took 0.142 sec[0m
[0m[[0mdebug[0m] [0m[34mTest run finished: [0m[31m1 failed[0m[34m, [0m[34m0 ignored[0m[34m, 2 total, 2.555s[0m[0m
[0m[[0mdebug[0m] [0m    Produced 0 nested tasks and 2 events.[0m
[0m[[0mdebug[0m] [0mSummary for JUnit not available.[0m
[0m[[31merror[0m] [0mFailed: Total 2, Failed 1, Errors 0, Passed 1[0m
[0m[[31merror[0m] [0mFailed tests:[0m
[0m[[31merror[0m] [0m	controllers.HomeControllerTest[0m
[0m[[31merror[0m] [0m(test:[31mtest[0m) sbt.TestsFailedException: Tests unsuccessful[0m
